B:PETR4:D:1:V:3:5
B:PETR4:U:5:3368:V:25.19:200:8:25111158:5
B:PETR4:U:11:3369:V:25.20:200:8:25111158:5
B:PETR4:U:12:3370:V:25.20:200:8:25111158:5
B:PETR4:D:1:V:5:5
B:PETR4:U:4:3370:V:25.18:200:8:25111158:5
B:PETR4:D:1:V:19:5
B:PETR4:U:16:3370:V:25.22:7400:227:25111158:5
T:VALEL48:115600:1:000000:2:3.00:3:2.97:4:2.99:5:115600:8:389:9:0:11:3.19:12:2.93:13:3.03:14:3.07:664:0.00
T:GGBR4:115800:5:115800:2:20.75:664:-1.6600:700:-1.6600:11:21.04:12:20.65:13:21.10:14:20.97:3:20.75:4:20.76
T:PETR4:115800:5:115800:2:25.16:664:-0.3200:700:-0.3200:11:25.35:12:25.08:13:25.24:14:25.35:3:25.16:4:25.18
B:VALEL48:D:3:5
B:VALEL48:A:0:A:2.97:900:131:25111157:5
B:VALEL48:A:1:A:2.97:900:131:25111157:5
B:VALEL48:A:2:A:2.97:3k:3:25111158:5
B:VALEL48:A:3:A:2.96:1500:239:25111156:5
B:VALEL48:A:4:A:2.96:8700:150:25111157:5
B:VALEL48:A:5:A:2.96:1800:239:25111157:5
B:VALEL48:A:6:A:2.95:1k:37:25111156:5
B:VALEL48:A:7:A:2.94:5k:147:25111156:5
B:VALEL48:A:8:A:2.93:2k:95:25111156:5
B:VALEL48:A:9:A:2.91:100:131:25111115:5
B:VALEL48:A:10:A:2.89:3k:77:25111118:5
B:VALEL48:A:11:A:2.88:100:131:25111101:5
B:VALEL48:A:12:A:2.87:3k:239:25111157:5
B:VALEL48:A:13:A:2.86:1k:39:25111058:5
B:VALEL48:A:14:A:2.86:500:110:25111156:5
B:VALEL48:A:15:A:2.85:10k:102:25111054:5
B:VALEL48:A:16:A:2.82:400:82:25111113:5
B:VALEL48:A:17:A:2.80:1k:102:25111108:5
B:VALEL48:A:18:A:2.80:5k:147:25111126:5
B:VALEL48:A:19:A:2.78:1k:3:25111123:5
B:VALEL48:A:20:A:2.74:1k:23:25111130:5
B:VALEL48:A:21:A:2.70:2k:23:25111151:5
B:VALEL48:A:22:A:2.60:5k:82:25111057:5
B:VALEL48:A:23:A:2.60:10k:239:25111139:5
B:VALEL48:A:24:A:2.55:5k:82:25111057:5
B:VALEL48:A:25:A:2.51:4800:102:25111053:5
B:VALEL48:A:26:A:2.30:10k:82:25111058:5
B:VALEL48:A:27:A:2.00:200:27:24111045:5
B:VALEL48:A:28:A:1.60:2k:98:24111046:5
B:VALEL48:A:29:A:1.50:200:27:24111045:5
B:VALEL48:A:30:A:1.18:500:174:17111525:5
B:VALEL48:A:31:A:1.03:2k:102:16111358:5
B:VALEL48:A:32:A:0.87:100:147:17111146:5
B:VALEL48:A:33:A:0.85:500:735:17111213:5
B:VALEL48:A:34:A:0.78:2k:39:10111047:5
B:VALEL48:A:35:A:0.77:8k:39:09111755:5
B:VALEL48:A:36:A:0.76:1200:114:10111106:5
B:VALEL48:A:37:A:0.76:1200:114:10111107:5
B:VALEL48:A:38:A:0.76:1200:114:10111107:5
B:VALEL48:A:39:A:0.76:6800:114:10111109:5
B:VALEL48:A:40:A:0.60:1300:102:19111639:5
B:VALEL48:A:41:A:0.20:20k:3:12111138:5
B:VALEL48:A:42:A:0.19:20k:3:12111138:5
B:VALEL48:A:43:A:0.19:25k:3:16111412:5
B:VALEL48:A:44:A:0.18:20k:3:12111138:5
B:VALEL48:A:45:A:0.18:25k:3:16111412:5
B:VALEL48:A:46:A:0.17:20k:3:12111139:5
B:VALEL48:A:47:A:0.17:25k:3:16111412:5
B:VALEL48:A:48:A:0.16:20k:3:12111139:5
B:VALEL48:A:49:A:0.16:25k:3:16111412:5
B:VALEL48:A:50:A:0.15:20k:3:12111139:5
B:VALEL48:A:51:A:0.15:25k:3:16111412:5
B:VALEL48:A:52:A:0.15:500:735:17111214:5
B:VALEL48:A:53:A:0.14:20k:3:12111139:5
B:VALEL48:A:54:A:0.14:300:98:12111607:5
B:VALEL48:A:55:A:0.14:25k:3:16111412:5
B:VALEL48:A:56:A:0.13:40k:3:12111139:5
B:VALEL48:A:57:A:0.13:25k:3:16111412:5
B:VALEL48:A:58:A:0.12:40k:3:12111139:5
B:VALEL48:A:59:A:0.12:25k:3:16111412:5
B:VALEL48:A:60:A:0.11:40k:3:12111139:5
B:VALEL48:A:61:A:0.11:25k:3:16111412:5
B:VALEL48:A:62:A:0.10:50k:3:12111140:5
B:VALEL48:A:63:A:0.10:50k:3:16111411:5
B:VALEL48:A:64:A:0.09:50k:3:12111140:5
B:VALEL48:A:65:A:0.09:50k:3:16111411:5
B:VALEL48:A:66:A:0.08:50k:3:12111140:5
B:VALEL48:A:67:A:0.08:50k:3:16111411:5
B:VALEL48:A:68:A:0.07:50k:3:12111140:5
B:VALEL48:A:69:A:0.07:50k:3:16111411:5
B:VALEL48:A:70:A:0.06:50k:3:12111140:5
B:VALEL48:A:71:A:0.06:50k:3:16111411:5
B:VALEL48:A:72:A:0.05:131k:76:16081637:5
B:VALEL48:A:73:A:0.05:50k:3:12111140:5
B:VALEL48:A:74:A:0.05:50k:3:16111411:5
B:VALEL48:A:75:A:0.04:151k:76:16081635:5
B:VALEL48:A:76:A:0.04:50k:3:12111140:5
B:VALEL48:A:77:A:0.04:50k:3:16111411:5
B:VALEL48:A:78:A:0.03:50k:3:12111140:5
B:VALEL48:A:79:A:0.03:50k:3:16111411:5
B:VALEL48:A:80:A:0.02:201k:76:13081648:5
B:VALEL48:A:81:A:0.02:500k:33:15090957:5
B:VALEL48:A:82:A:0.02:100k:3:12111140:5
B:VALEL48:A:83:A:0.02:100k:3:16111411:5
B:VALEL48:A:84:A:0.01:201k:76:13081648:5
B:VALEL48:A:85:A:0.01:2M:33:23081002:5
B:VALEL48:A:86:A:0.01:100k:3:12111140:5
B:VALEL48:A:87:A:0.01:100k:3:16111411:5
B:VALEL48:A:88:A:0.01:100:239:19111736:5
B:VALEL48:A:89:A:0.01:2500:82:25111116:5
B:VALEL48:A:0:V:2.99:4200:10:25111158:5
B:VALEL48:A:1:V:3.00:2k:95:25111155:5
B:VALEL48:A:2:V:3.00:1k:37:25111157:5
B:VALEL48:A:3:V:3.01:300:239:25111146:5
B:VALEL48:A:4:V:3.01:600:58:25111146:5
B:VALEL48:A:5:V:3.01:1k:86:25111158:5
B:VALEL48:A:6:V:3.10:5k:39:25111115:5
B:VALEL48:A:7:V:3.10:10k:39:25111149:5
B:VALEL48:A:8:V:3.10:300:82:25111153:5
B:VALEL48:A:9:V:3.12:10k:98:25111156:5
B:VALEL48:A:10:V:3.13:20k:147:25111127:5
B:VALEL48:A:11:V:3.14:200:131:25111108:5
B:VALEL48:A:12:V:3.14:100:227:25111111:5
B:VALEL48:A:13:V:3.15:400:129:25111104:5
B:VALEL48:A:14:V:3.15:1k:110:25111107:5
B:VALEL48:A:15:V:3.15:500:150:25111127:5
B:VALEL48:A:16:V:3.15:500:15:25111150:5
B:VALEL48:A:17:V:3.20:5k:102:25111055:5
B:VALEL48:A:18:V:3.20:1k:3:25111105:5
B:VALEL48:A:19:V:3.20:500:15:25111116:5
B:VALEL48:A:20:V:3.20:9k:3:25111123:5
B:VALEL48:A:21:V:3.20:1k:129:25111128:5
B:VALEL48:A:22:V:3.20:1k:27:25111137:5
B:VALEL48:A:23:V:3.22:5k:239:25111103:5
B:VALEL48:A:24:V:3.24:4k:3:25111115:5
B:VALEL48:A:25:V:3.25:400:90:25111058:5
B:VALEL48:A:26:V:3.28:200:131:25111101:5
B:VALEL48:A:27:V:3.29:200:172:25111105:5
B:VALEL48:A:28:V:3.29:5k:102:25111115:5
B:VALEL48:A:29:V:3.30:5k:33:23111140:5
B:VALEL48:A:30:V:3.30:300:98:24111758:5
B:VALEL48:A:31:V:3.30:5k:27:25111129:5
B:VALEL48:A:32:V:3.35:1k:3:22111337:5
B:VALEL48:A:33:V:3.35:100:37:25111111:5
B:VALEL48:A:34:V:3.37:500:82:25111056:5
B:VALEL48:A:35:V:3.39:500:172:25111106:5
B:VALEL48:A:36:V:3.40:5k:27:25111129:5
B:VALEL48:A:37:V:3.45:400:114:25111045:5
B:VALEL48:A:38:V:3.50:5k:33:23111140:5
B:VALEL48:A:39:V:3.50:100:27:25111108:5
B:VALEL48:A:40:V:3.60:1k:63:25111056:5
B:VALEL48:A:41:V:3.60:100:27:25111108:5
B:VALEL48:A:42:V:3.85:1k:227:25111105:5
B:VALEL48:A:43:V:3.95:600:98:17111556:5
B:VALEL48:A:44:V:3.95:200:86:22111128:5
B:VALEL48:A:45:V:4.00:400:75:19111126:5
B:VALEL48:A:46:V:4.00:800:102:19111326:5
B:VALEL48:A:47:V:4.00:100:37:23111109:5
B:VALEL48:A:48:V:4.01:800:39:10111749:5
B:VALEL48:A:49:V:4.04:2k:27:22111659:5
B:VALEL48:A:50:V:4.32:100:37:23111109:5
B:VALEL48:A:51:V:4.50:200:70:01111723:5
B:VALEL48:A:52:V:4.50:1k:735:17111529:5
B:VALEL48:A:53:V:5.00:100:90:25111115:5
B:VALEL48:A:54:V:5.60:200:735:24111639:5
B:VALEL48:A:55:V:100.00:2500:82:25111116:5
B:VALE5:D:1:A:8:5
T:GGBR4:115800:2:20.75:5:1158:8:840
T:GGBR4:115800:2:20.75:5:1158:8:841
T:GGBR4:115800:2:20.75:5:1158:8:842
T:GGBR4:115800:5:115800:2:20.75:664:-1.6600:700:-1.6600:11:21.04:12:20.65:13:21.10:14:20.97:3:20.75:4:20.76
T:GGBR4:115800:5:115800:2:20.75:664:-1.6600:700:-1.6600:11:21.04:12:20.65:13:21.10:14:20.97:3:20.75:4:20.76
B:PETR4:U:17:3371:V:25.22:2300:239:25111158:5
B:PETR4:U:0:1019:A:25.17:900:10:25111158:5
B:PETR4:D:1:A:8:5
B:VALEL48:U:7:90:A:2.95:8700:150:25111158:5
B:PETR4:D:1:V:16:5
B:PETR4:U:16:3371:V:25.22:3300:227:25111158:5
B:PETR4:D:1:A:1:5
T:PETR4:115800:5:115800:2:25.16:664:-0.3200:700:-0.3200:11:25.35:12:25.08:13:25.24:14:25.35:3:25.17:4:25.18
B:PETR4:D:1:V:0:5
B:PETR4:U:0:3371:V:25.18:4600:122:25111145:5
B:PETR4:D:1:V:16:5
B:PETR4:U:16:3371:V:25.22:2600:227:25111158:5
T:PETR4:115800:2:25.18:5:1158:8:2070
T:PETR4:115800:2:25.17:5:1158:8:2071
T:PETR4:115800:2:25.17:5:1158:8:2072
B:PETR4:U:0:0:A:25.17:400:10:25111158:5
B:PETR4:U:0:3372:V:25.17:400:23:25111158:5
B:PETR4:D:1:A:0:5
B:PETR4:U:1:3373:V:25.17:400:8:25111158:5
B:PETR4:D:1:V:14:5
B:PETR4:U:7:3373:V:25.18:200:8:25111158:5
B:PETR4:D:1:V:1:5
B:PETR4:U:6:1017:A:25.13:200:8:25111158:5
B:PETR4:U:1:3373:V:25.17:100:114:25111158:5
B:PETR4:D:1:V:18:5
B:PETR4:U:22:3373:V:25.23:2600:227:25111158:5
T:PETR4:115800:5:115800:2:25.17:664:-0.2800:700:-0.2800:11:25.35:12:25.08:13:25.24:14:25.35:3:25.15:4:25.17
B:PETR4:D:1:V:7:5
B:PETR4:U:14:3373:V:25.20:200:8:25111158:5
B:PETR4:D:1:V:5:5
B:PETR4:U:2:3373:V:25.17:900:45:25111158:5
B:PETR4:D:1:V:22:5
B:PETR4:U:22:3373:V:25.23:2500:227:25111158:5
B:PETR4:U:15:3374:V:25.20:5k:239:25111158:5
B:PETR4:U:0:0:A:25.15:6400:98:25111155:5
T:PETR4:115800:2:25.15:5:1158:8:2073
B:PETR4:D:1:V:1:5
T:PETR4:115800:2:25.15:5:1158:8:2074
B:PETR4:U:0:0:A:25.15:6200:98:25111155:5
T:PETR4:115800:5:115800:2:25.15:664:-0.3600:700:-0.3600:11:25.35:12:25.08:13:25.24:14:25.35:3:25.15:4:25.17
T:PETR4:115800:2:25.17:5:1158:8:2075
B:PETR4:U:2:3374:V:25.17:200:9:25111158:5
B:PETR4:U:0:0:V:25.17:300:23:25111158:5
B:PETR4:U:3:3375:V:25.17:100:114:25111158:5
T:PETR4:115800:5:115800:2:25.17:664:-0.2800:700:-0.2800:11:25.35:12:25.08:13:25.24:14:25.35:3:25.15:4:25.17
B:VALE5:U:456:1192:V:50.54:6k:70:25111158:5
B:PETR4:U:3:1018:A:25.15:1100:735:25111158:5
B:PETR4:U:9:3376:V:25.19:200:8:25111158:5

B:PETR4:D:1:V:2:5
B:PETR4:U:11:1019:A:25.12:5700:39:25111158:5
T:GGBR4:115800:2:20.76:5:1158:8:843
T:GGBR4:115800:2:20.76:5:1158:8:844
T:GGBR4:115800:2:20.76:5:1158:8:845
T:PETR4:115800:5:115800:2:25.17:664:-0.2800:700:-0.2800:11:25.35:12:25.08:13:25.24:14:25.35:3:25.15:4:25.17
T:GGBR4:115800:5:115800:2:20.76:664:-1.6100:700:-1.6100:11:21.04:12:20.65:13:21.10:14:20.97:3:20.75:4:20.76
B:PETR4:U:4:1020:A:25.15:10k:85:25111158:5
B:PETR4:D:1:V:17:5
T:IBOV:115843:5:115843:7:100:8:24907:9:30693100:10:455498150
T:PETR4:115800:5:115800:2:25.17:664:-0.2800:700:-0.2800:11:25.35:12:25.08:13:25.24:14:25.35:3:25.15:4:25.17
T:GGBR4:115800:5:115800:2:20.76:664:-1.6100:700:-1.6100:11:21.04:12:20.65:13:21.10:14:20.97:3:20.75:4:20.77
B:PETR4:U:5:1021:A:25.15:2300:39:25111158:5
B:VALE5:D:1:A:14:5
B:VALE5:U:13:417:A:49.31:300:102:25111158:5
T:PETR4:115800:5:115800:2:25.17:664:-0.2800:700:-0.2800:11:25.35:12:25.08:13:25.24:14:25.35:3:25.15:4:25.17
T:GGBR4:115800:5:115800:2:20.76:664:-1.6100:700:-1.6100:11:21.04:12:20.65:13:21.10:14:20.97:3:20.75:4:20.76
B:VALE5:D:1:A:13:5
B:VALE5:U:13:417:A:49.31:500:102:25111158:5
T:GGBR4:115800:5:115800:2:20.76:664:-1.6100:700:-1.6100:11:21.04:12:20.65:13:21.10:14:20.97:3:20.75:4:20.76
B:VALE5:D:1:A:13:5
B:VALE5:U:13:417:A:49.31:1k:102:25111158:5
B:VALE5:U:0:0:A:49.39:100:95:25111156:5
B:VALE5:D:1:A:0:5
T:VALE5:115800:2:49.39:5:1158:8:1472
T:VALE5:115800:2:49.39:5:1158:8:1473
B:VALE5:U:0:0:A:49.39:500:45:25111156:5
T:VALE5:115800:2:49.39:5:1158:8:1474
B:VALE5:U:0:0:A:49.39:400:45:25111156:5
B:VALE5:U:0:0:A:49.39:300:45:25111156:5
B:PETR4:U:6:1022:A:25.15:10k:239:25111158:5
B:PETR4:D:1:V:63:5
B:VALE5:U:0:0:V:49.40:400:38:25111153:5
B:VALE5:D:1:A:0:5
B:VALE5:U:1:416:A:49.38:300:45:25111158:5
T:VALE5:115800:2:49.39:5:1158:8:1475
T:VALE5:115800:2:49.39:5:1158:8:1476
T:VALE5:115800:2:49.40:5:1158:8:1477
T:VALE5:115800:5:115800:2:49.40:664:-0.2000:700:-0.2000:11:49.65:12:49.34:13:49.50:14:49.65:3:49.38:4:49.40
B:VALE5:U:6:417:A:49.35:200:8:25111158:5
T:VALEL50:115800:5:115800:2:1.34:664:-4.2900:700:-4.2900:11:1.48:12:1.33:13:1.40:14:1.38:3:1.34:4:1.35
B:VALE5:D:1:V:8:5
B:VALE5:U:7:1192:V:49.42:200:8:25111158:5
B:VALE5:D:1:A:17:5
B:VALE5:U:15:417:A:49.27:5k:227:25111158:5
B:VALEL48:D:1:A:9:5
B:VALEL48:U:9:90:A:2.92:2k:95:25111158:5
T:PETR4:115800:5:115800:2:25.17:664:-0.2800:700:-0.2800:11:25.35:12:25.08:13:25.24:14:25.35:3:25.15:4:25.17
B:VALE5:D:1:V:7:5
B:VALE5:U:9:1192:V:49.43:200:8:25111158:5
B:VALEL48:D:1:A:2:5
T:VALEL46:115600:5:115600:2:4.81:664:-0.2100:700:-0.2100:11:4.90:12:4.66:13:4.82:14:4.82:3:4.68:4:4.71
T:VALEL50:115800:5:115800:2:1.34:664:-4.2900:700:-4.2900:11:1.48:12:1.33:13:1.40:14:1.38:3:1.34:4:1.35
T:VALEL48:115600:5:115600:2:3.00:664:-0.9900:700:-0.9900:11:3.19:12:2.93:13:3.03:14:3.07:3:2.97:4:2.99
B:PETR4:U:0:1023:A:25.16:100:239:25111158:5
B:PETR4:D:1:V:6:5
B:PETR4:U:8:3373:V:25.19:200:8:25111158:5
B:PETR4:D:1:V:8:5
B:PETR4:U:6:3373:V:25.18:200:8:25111158:5
B:PETR4:D:1:V:23:5
B:PETR4:U:20:3373:V:25.22:2500:227:25111158:5
T:PETR4:115800:5:115800:2:25.17:664:-0.2800:700:-0.2800:11:25.35:12:25.08:13:25.24:14:25.35:3:25.16:4:25.17
B:VALEL48:D:1:V:5:5
T:GGBR4:115800:5:115800:2:20.76:664:-1.6100:700:-1.6100:11:21.04:12:20.65:13:21.10:14:20.97:3:20.75:4:20.76
B:VALEL48:U:0:0:A:2.97:800:131:25111157:5
B:VALEL48:U:0:55:V:2.98:4k:150:25111158:5
T:VALEL48:115800:2:2.970:5:1158:8:390
T:VALEL46:115800:2:4.710:5:1158:8:126
B:VALE5:U:3:418:A:49.37:200:8:25111158:5
B:VALE5:D:1:V:9:5
B:VALEL48:U:0:0:A:2.97:100:131:25111157:5
B:VALEL48:D:1:A:0:5
B:VALE5:D:1:A:3:5
B:VALE5:U:3:418:A:49.37:200:8:25111158:5
B:VALE5:D:1:A:3:5
B:VALEL48:U:0:56:V:2.97:100:3:25111158:5
B:VALEL48:D:1:A:0:5
B:VALE5:D:1:V:0:5
B:VALE5:U:0:0:V:49.40:800:45:25111156:5
B:VALEL48:U:0:88:A:2.97:700:131:25111158:5
B:VALEL48:D:1:V:0:5
T:VALEL48:115800:2:2.970:5:1158:8:391
T:VALEL46:115800:2:4.720:5:1158:8:127
T:VALEL46:115800:2:4.720:5:1158:8:128
T:VALEL48:115800:2:2.970:5:1158:8:392
T:VALE5:115800:2:49.40:5:1158:8:1478
T:VALE5:115800:2:49.40:5:1158:8:1479
T:VALEL48:115800:2:2.970:5:1158:8:393
T:VALEL46:115800:2:4.720:5:1158:8:129
B:VALE5:D:1:A:6:5
B:VALE5:U:6:417:A:49.35:200:8:25111158:5
B:VALEL48:U:0:0:A:2.97:100:131:25111158:5
T:VALEL46:115800:2:4.720:5:1158:8:130
T:VALEL48:115800:2:2.970:5:1158:8:394
T:VALEL46:115800:2:4.720:5:1158:8:131
T:VALEL46:115800:2:4.720:5:1158:8:132
T:LAME4:115800:5:115800:2:16.59:664:-1.7200:700:-1.7200:11:16.80:12:16.54:13:16.88:14:16.80:3:16.58:4:16.60
T:VALEL48:115800:5:115800:2:2.97:664:-1.9800:700:-1.9800:11:3.19:12:2.93:13:3.03:14:3.07:3:2.97:4:2.98
T:VALEL46:115800:5:115800:2:4.72:664:-2.0700:700:-2.0700:11:4.90:12:4.66:13:4.82:14:4.82:3:4.67:4:4.72
B:VALEL48:D:1:A:0:5
T:VALE5:115800:5:115800:2:49.40:664:-0.2000:700:-0.2000:11:49.65:12:49.34:13:49.50:14:49.65:3:49.38:4:49.40
B:VALE5:U:0:0:V:49.40:600:45:25111156:5
B:VALE5:D:1:A:6:5
B:VALE5:U:0:0:V:49.40:200:45:25111156:5
B:VALE5:U:0:0:V:49.40:100:45:25111156:5
B:VALE5:D:1:V:0:5
T:VALE5:115800:2:49.40:5:1158:8:1480
T:VALE5:115800:2:49.40:5:1158:8:1481
T:VALE5:115800:2:49.40:5:1158:8:1482
T:VALE5:115800:2:49.40:5:1158:8:1483
T:VALEL50:115800:5:115800:2:1.34:664:-4.2900:700:-4.2900:11:1.48:12:1.33:13:1.40:14:1.38:3:1.34:4:1.35
B:VALE5:U:0:0:V:49.40:900:10:25111156:5
B:VALE5:U:7:1190:V:49.43:200:8:25111158:5
B:VALE5:U:2:1191:V:49.40:1k:45:25111158:5
T:VALE5:115800:2:49.40:5:1158:8:1484
T:VALEL46:115800:5:115800:2:4.72:664:-2.0700:700:-2.0700:11:4.90:12:4.66:13:4.82:14:4.82:3:4.67:4:4.71
T:VALEL48:115800:5:115800:2:2.97:664:-1.9800:700:-1.9800:11:3.19:12:2.93:13:3.03:14:3.07:3:2.96:4:2.98
T:VALE5:115800:5:115800:2:49.40:664:-0.2000:700:-0.2000:11:49.65:12:49.34:13:49.50:14:49.65:3:49.38:4:49.40
T:VALEL46:115800:5:115800:2:4.72:664:-2.0700:700:-2.0700:11:4.90:12:4.66:13:4.82:14:4.82:3:4.67:4:4.71
T:VALEL46:115800:5:115800:2:4.72:664:-2.0700:700:-2.0700:11:4.90:12:4.66:13:4.82:14:4.82:3:4.67:4:4.71
T:VALEL46:115800:5:115800:2:4.72:664:-2.0700:700:-2.0700:11:4.90:12:4.66:13:4.82:14:4.82:3:4.67:4:4.71
T:LAME4:115800:2:16.58:5:1158:8:404
T:LAME4:115800:2:16.58:5:1158:8:405
T:LAME4:115800:2:16.58:5:1158:8:406
T:LAME4:115800:2:16.58:5:1158:8:407
T:LAME4:115800:2:16.58:5:1158:8:408
T:LAME4:115800:2:16.57:5:1158:8:409
B:PETR4:U:0:0:V:25.17:200:23:25111158:5
T:PETR4:115800:2:25.17:5:1158:8:2076
T:LAME4:115800:5:115800:2:16.57:664:-1.8400:700:-1.8400:11:16.80:12:16.54:13:16.88:14:16.80:3:16.56:4:16.57
T:VALEL46:115800:5:115800:2:4.72:664:-2.0700:700:-2.0700:11:4.90:12:4.66:13:4.82:14:4.82:3:4.67:4:4.71
T:PETR4:115800:5:115800:2:25.17:664:-0.2800:700:-0.2800:11:25.35:12:25.08:13:25.24:14:25.35:3:25.16:4:25.17
B:VALEL48:U:1:56:V:2.98:500:227:25111158:5
B:PETR4:U:221:1024:A:24.80:400:72:25111158:5
T:VALEL46:115800:5:115800:2:4.72:664:-2.0700:700:-2.0700:11:4.90:12:4.66:13:4.82:14:4.82:3:4.67:4:4.71
T:VALEL48:115800:5:115800:2:2.97:664:-1.9800:700:-1.9800:11:3.19:12:2.93:13:3.03:14:3.07:3:2.96:4:2.98
T:VALEL46:115800:5:115800:2:4.72:664:-2.0700:700:-2.0700:11:4.90:12:4.66:13:4.82:14:4.82:3:4.67:4:4.71
B:PETR4:D:1:V:20:5
B:PETR4:U:20:3373:V:25.22:1700:227:25111158:5
B:VALE5:U:14:417:A:49.30:10k:3:25111158:5
T:IBOV:000000:664:-0.32:700:-0.32
T:IBOV:115900:2:69407.63:5:115900:5:115859:7:100:8:24984:9:30718800:10:456098636:21:-0.32:86:-221.73
B:PETR4:D:1:V:20:5
B:PETR4:U:20:3373:V:25.22:800:227:25111158:5
T:VALEL46:115800:5:115800:2:4.72:664:-2.0700:700:-2.0700:11:4.90:12:4.66:13:4.82:14:4.82:3:4.67:4:4.71
T:IBOV:115900:5:115900:2:69408:664:-0.3200:700:-0.3200:11:69780:12:69369:13:69629:14:69634:3:0:4:0
B:VALE5:U:6:418:A:49.35:500:150:25111159:5
T:GGBR4:115900:2:20.75:5:1159:8:846
T:GGBR4:115900:5:115900:2:20.75:664:-1.6600:700:-1.6600:11:21.04:12:20.65:13:21.10:14:20.97:3:20.75:4:20.76
B:VALEL48:D:1:V:1:5
T:VALEL48:115800:5:115800:2:2.97:664:-1.9800:700:-1.9800:11:3.19:12:2.93:13:3.03:14:3.07:3:2.96:4:2.98
T:GGBR4:115900:5:115900:2:20.75:664:-1.6600:700:-1.6600:11:21.04:12:20.65:13:21.10:14:20.97:3:20.75:4:20.76
T:VALEL50:115800:5:115800:2:1.34:664:-4.2900:700:-4.2900:11:1.48:12:1.33:13:1.40:14:1.38:3:1.34:4:1.35
B:VALE5:U:0:0:A:49.38:3200:37:25111157:5
T:VALE5:115900:2:49.38:5:1159:8:1485
T:IBOV:115905:5:115905:7:300:8:24995:9:30721300:10:456144431
T:VALE5:115900:5:115900:2:49.38:664:-0.2400:700:-0.2400:11:49.65:12:49.34:13:49.50:14:49.65:3:49.38:4:49.40
T:VALEL50:115800:5:115800:2:1.34:664:-4.2900:700:-4.2900:11:1.48:12:1.33:13:1.40:14:1.38:3:1.34:4:1.35
B:VALEL48:D:1:A:2:5
T:VALEL48:115800:5:115800:2:2.97:664:-1.9800:700:-1.9800:11:3.19:12:2.93:13:3.03:14:3.07:3:2.96:4:2.98
B:VALE5:U:5:419:A:49.36:10k:239:25111159:5
B:VALEL48:D:1:A:9:5
B:VALEL48:U:5:86:A:2.93:3k:239:25111159:5
T:VALEL52:115800:5:115800:2:0.51:664:-5.5500:700:-5.5500:11:0.57:12:0.50:13:0.54:14:0.57:3:0.50:4:0.51
T:LAME4:115800:5:115800:2:16.57:664:-1.8400:700:-1.8400:11:16.80:12:16.54:13:16.88:14:16.80:3:16.56:4:16.57
T:LAME4:115800:5:115800:2:16.57:664:-1.8400:700:-1.8400:11:16.80:12:16.54:13:16.88:14:16.80:3:16.56:4:16.60
B:VALEL48:D:1:V:0:5
T:VALEL48:115800:5:115800:2:2.97:664:-1.9800:700:-1.9800:11:3.19:12:2.93:13:3.03:14:3.07:3:2.96:4:2.99
B:VALE5:D:1:A:64:5
B:VALE5:U:62:419:A:48.92:200:45:25111159:5
T:GGBR4:115900:2:20.76:5:1159:8:847
T:GGBR4:115900:5:115900:2:20.76:664:-1.6100:700:-1.6100:11:21.04:12:20.65:13:21.10:14:20.97:3:20.75:4:20.77
B:PETR4:D:1:V:20:5
B:PETR4:U:20:3373:V:25.22:2100:227:25111159:5
B:VALE5:U:3:420:A:49.37:10k:239:25111159:5
T:GGBR4:115900:5:115900:2:20.76:664:-1.6100:700:-1.6100:11:21.04:12:20.65:13:21.10:14:20.97:3:20.75:4:20.76
B:VALE5:U:0:421:A:49.39:1k:150:25111159:5
B:VALE5:D:1:A:19:5
B:VALE5:U:21:421:A:49.26:5k:227:25111159:5
B:VALEL48:D:1:A:6:5
B:VALEL48:U:6:86:A:2.93:2k:95:25111159:5
T:VALE5:115900:5:115900:2:49.38:664:-0.2400:700:-0.2400:11:49.65:12:49.34:13:49.50:14:49.65:3:49.39:4:49.40
T:GGBR4:115900:5:115900:2:20.76:664:-1.6100:700:-1.6100:11:21.04:12:20.65:13:21.10:14:20.97:3:20.75:4:20.76
T:VALEL46:115800:5:115800:2:4.72:664:-2.0700:700:-2.0700:11:4.90:12:4.66:13:4.82:14:4.82:3:4.68:4:4.71
T:VALEL50:115800:5:115800:2:1.34:664:-4.2900:700:-4.2900:11:1.48:12:1.33:13:1.40:14:1.38:3:1.34:4:1.35
B:VALEL48:U:4:87:A:2.95:3k:3:25111159:5
B:VALE5:D:1:V:0:5
B:VALE5:U:0:0:V:49.40:900:72:25111157:5
T:VALE5:115900:2:49.40:5:1159:8:1486
T:VALE5:115900:2:49.40:5:1159:8:1487
T:GGBR4:115900:5:115900:2:20.76:664:-1.6100:700:-1.6100:11:21.04:12:20.65:13:21.10:14:20.97:3:20.75:4:20.76
B:VALEL48:D:1:A:4:5
T:VALEL46:115800:5:115800:2:4.72:664:-2.0700:700:-2.0700:11:4.90:12:4.66:13:4.82:14:4.82:3:4.68:4:4.71
T:VALEL50:115800:5:115800:2:1.34:664:-4.2900:700:-4.2900:11:1.48:12:1.33:13:1.40:14:1.38:3:1.34:4:1.35
T:VALE5:115900:5:115900:2:49.40:664:-0.2000:700:-0.2000:11:49.65:12:49.34:13:49.50:14:49.65:3:49.39:4:49.40
T:GGBR4:115900:2:20.76:5:1159:8:848
T:GGBR4:115900:2:20.75:5:1159:8:849
B:VALEL48:U:0:55:V:2.98:4k:150:25111159:5
T:GGBR4:115900:5:115900:2:20.75:664:-1.6600:700:-1.6600:11:21.04:12:20.65:13:21.10:14:20.97:3:20.75:4:20.76
T:PETR4:115900:2:25.16:5:1159:8:2077
B:PETR4:U:404:3374:V:26.00:5k:39:25111159:5
B:PETR4:D:1:A:0:5
B:PETR4:D:1:V:8:5
B:PETR4:U:7:3374:V:25.18:200:8:25111159:5
B:PETR4:D:1:V:7:5
B:PETR4:U:8:3374:V:25.19:200:8:25111159:5
T:VALEL48:115800:5:115800:2:2.97:664:-1.9800:700:-1.9800:11:3.19:12:2.93:13:3.03:14:3.07:3:2.96:4:2.98
B:PETR4:D:1:V:2:5
B:PETR4:D:1:V:19:5
B:PETR4:U:22:3373:V:25.23:2100:227:25111159:5
B:PETR4:U:0:3374:V:25.16:100:114:25111159:5
B:PETR4:D:1:V:15:5
B:PETR4:D:1:V:14:5
T:PETR4:115900:5:115900:2:25.16:664:-0.3200:700:-0.3200:11:25.35:12:25.08:13:25.24:14:25.35:3:25.15:4:25.16
T:GGBR4:115900:5:115900:2:20.75:664:-1.6600:700:-1.6600:11:21.04:12:20.65:13:21.10:14:20.97:3:20.75:4:20.77
B:PETR4:D:1:V:8:5
B:PETR4:U:3:3372:V:25.17:200:8:25111159:5
T:VALEL52:115800:5:115800:2:0.51:664:-5.5500:700:-5.5500:11:0.57:12:0.50:13:0.54:14:0.57:3:0.50:4:0.51
T:GGBR4:115900:5:115900:2:20.75:664:-1.6600:700:-1.6600:11:21.04:12:20.65:13:21.10:14:20.97:3:20.75:4:20.76
B:VALE5:D:1:A:64:5
B:VALE5:U:69:421:A:48.84:200:45:25111159:5
T:GGBR4:115900:2:20.76:5:1159:8:850
T:GGBR4:115900:5:115900:2:20.76:664:-1.6100:700:-1.6100:11:21.04:12:20.65:13:21.10:14:20.97:3:20.75:4:20.76
T:IBOV:115927:5:115927:7:100:8:25072:9:30763800:10:457031751
T:GGBR4:115900:5:115900:2:20.76:664:-1.6100:700:-1.6100:11:21.04:12:20.65:13:21.10:14:20.97:3:20.75:4:20.77
T:LAME4:115800:5:115800:2:16.57:664:-1.8400:700:-1.8400:11:16.80:12:16.54:13:16.88:14:16.80:3:16.57:4:16.60
B:VALE5:U:1:422:A:49.39:1k:40:25111159:5
B:VALE5:D:1:A:3:5
B:VALE5:U:2:422:A:49.39:300:45:25111159:5
T:GGBR4:115900:5:115900:2:20.76:664:-1.6100:700:-1.6100:11:21.04:12:20.65:13:21.10:14:20.97:3:20.75:4:20.77
T:VALE5:115900:5:115900:2:49.40:664:-0.2000:700:-0.2000:11:49.65:12:49.34:13:49.50:14:49.65:3:49.39:4:49.40
T:VALEL50:115800:5:115800:2:1.34:664:-4.2900:700:-4.2900:11:1.48:12:1.33:13:1.40:14:1.38:3:1.34:4:1.35
T:GGBR4:115900:5:115900:2:20.76:664:-1.6100:700:-1.6100:11:21.04:12:20.65:13:21.10:14:20.97:3:20.75:4:20.76
T:IBOV:000000:664:-0.32:700:-0.32
T:IBOV:115930:2:69405.57:5:115930:7:200:8:25078:9:30774600:10:457054373:86:-223.79
B:VALE5:D:1:V:26:5
B:VALE5:U:26:1190:V:49.55:200:98:25111159:5
T:IBOV:115900:5:115900:2:69406:664:-0.3200:700:-0.3200:11:69780:12:69369:13:69629:14:69634:3:0:4:0
B:VALE5:D:1:A:9:5
B:VALE5:U:3:422:A:49.39:5k:239:25111159:5
T:VALEL52:115900:2:0.510:5:1159:8:643
B:VALE5:U:0:0:A:49.39:500:150:25111159:5
T:VALE5:115900:2:49.39:5:1159:8:1488
T:VALE5:115900:5:115900:2:49.39:664:-0.2200:700:-0.2200:11:49.65:12:49.34:13:49.50:14:49.65:3:49.39:4:49.40
T:VALEL52:115900:5:115900:2:0.51:664:-5.5500:700:-5.5500:11:0.57:12:0.50:13:0.54:14:0.57:3:0.50:4:0.51
T:VALEL50:115800:5:115800:2:1.34:664:-4.2900:700:-4.2900:11:1.48:12:1.33:13:1.40:14:1.38:3:1.34:4:1.35
T:VALEL52:115900:2:0.510:5:1159:8:644
T:VALE5:115900:2:49.39:5:1159:8:1489
B:VALE5:D:1:A:0:5
T:VALEL50:115800:5:115800:2:1.34:664:-4.2900:700:-4.2900:11:1.48:12:1.33:13:1.40:14:1.38:3:1.34:4:1.35
T:VALEL52:115900:5:115900:2:0.51:664:-5.5500:700:-5.5500:11:0.57:12:0.50:13:0.54:14:0.57:3:0.50:4:0.51
T:VALEL52:115900:2:0.510:5:1159:8:645
T:LAME4:115800:5:115800:2:16.57:664:-1.8400:700:-1.8400:11:16.80:12:16.54:13:16.88:14:16.80:3:16.57:4:16.60
T:VALE5:115900:5:115900:2:49.39:664:-0.2200:700:-0.2200:11:49.65:12:49.34:13:49.50:14:49.65:3:49.39:4:49.40
B:VALE5:U:0:0:A:49.39:500:40:25111159:5
T:VALE5:115900:2:49.39:5:1159:8:1490
B:VALE5:D:1:A:2:5
T:VALEL52:115900:5:115900:2:0.51:664:-5.5500:700:-5.5500:11:0.57:12:0.50:13:0.54:14:0.57:3:0.50:4:0.51
T:VALEL50:115800:5:115800:2:1.34:664:-4.2900:700:-4.2900:11:1.48:12:1.33:13:1.40:14:1.38:3:1.34:4:1.35
B:VALE5:D:1:V:0:5
B:VALE5:U:1:1190:V:49.40:5k:72:25111159:5
B:VALE5:U:0:0:V:49.40:900:45:25111158:5
T:VALE5:115900:2:49.40:5:1159:8:1491
T:VALE5:115900:2:49.40:5:1159:8:1492
T:VALE5:115900:5:115900:2:49.40:664:-0.2000:700:-0.2000:11:49.65:12:49.34:13:49.50:14:49.65:3:49.39:4:49.40
B:PETR4:U:165:1024:A:24.90:100:150:25111159:5
T:VALEL50:115800:5:115800:2:1.34:664:-4.2900:700:-4.2900:11:1.48:12:1.33:13:1.40:14:1.38:3:1.34:4:1.35
B:VALE5:D:1:A:0:5
B:VALE5:U:420:420:A:0.01:500:40:25111159:5
T:VALE5:115900:5:115900:2:49.40:664:-0.2000:700:-0.2000:11:49.65:12:49.34:13:49.50:14:49.65:3:49.39:4:49.40
T:VALEL50:115800:5:115800:2:1.34:664:-4.2900:700:-4.2900:11:1.48:12:1.33:13:1.40:14:1.38:3:1.34:4:1.35
B:VALE5:D:1:A:420:5
B:VALE5:D:1:A:0:5
B:VALE5:U:1:419:A:49.38:300:45:25111159:5
B:VALE5:D:1:A:19:5
B:VALE5:U:17:419:A:49.27:5k:227:25111159:5
B:VALEL48:D:1:A:6:5
B:VALEL48:U:6:86:A:2.92:2k:95:25111159:5
T:VALE5:115900:5:115900:2:49.40:664:-0.2000:700:-0.2000:11:49.65:12:49.34:13:49.50:14:49.65:3:49.38:4:49.40
T:VALEL46:115800:5:115800:2:4.72:664:-2.0700:700:-2.0700:11:4.90:12:4.66:13:4.82:14:4.82:3:4.67:4:4.71
T:VALEL50:115800:5:115800:2:1.34:664:-4.2900:700:-4.2900:11:1.48:12:1.33:13:1.40:14:1.38:3:1.34:4:1.35
B:VALE5:U:8:420:A:49.35:1k:10:25111159:5

B:VALE5:U:9:421:A:49.35:200:8:25111159:5
T:VALEL46:115800:5:115800:2:4.72:664:-2.0700:700:-2.0700:11:4.90:12:4.66:13:4.82:14:4.82:3:4.70:4:4.71
T:GGBR4:115900:5:115900:2:20.76:664:-1.6100:700:-1.6100:11:21.04:12:20.65:13:21.10:14:20.97:3:20.75:4:20.76
T:VALEL50:115800:5:115800:2:1.34:664:-4.2900:700:-4.2900:11:1.48:12:1.33:13:1.40:14:1.38:3:1.34:4:1.35
B:PETR4:D:1:A:3:5
B:PETR4:D:1:V:0:5
B:PETR4:D:1:V:2:5
T:PETR4:115900:2:25.16:5:1159:8:2078
B:PETR4:U:6:1024:A:25.15:1100:735:25111159:5
B:PETR4:U:13:3371:V:25.20:200:8:25111159:5
B:PETR4:U:14:3372:V:25.20:200:8:25111159:5
B:PETR4:U:7:3373:V:25.19:200:8:25111159:5
T:PETR4:115900:5:115900:2:25.16:664:-0.3200:700:-0.3200:11:25.35:12:25.08:13:25.24:14:25.35:3:25.15:4:25.17
B:VALEL48:U:0:0:V:2.98:3900:150:25111159:5
T:VALEL48:115900:2:2.980:5:1159:8:395
B:VALEL48:D:1:V:0:5
B:VALEL48:U:0:54:V:2.98:4100:150:25111159:5
T:VALEL48:115900:5:115900:2:2.98:664:-1.6500:700:-1.6500:11:3.19:12:2.93:13:3.03:14:3.07:3:2.96:4:2.98
B:VALEL48:U:5:55:V:3.01:300:8:25111159:5
B:VALEL48:D:1:V:5:5
B:VALEL48:U:0:87:A:2.98:1900:90:25111159:5
B:VALEL48:D:1:V:0:5
T:VALEL48:115900:2:2.980:5:1159:8:396
T:VALEL46:115900:2:4.710:5:1159:8:133
B:VALE5:U:4:422:A:49.37:200:8:25111159:5
B:VALEL48:U:2:54:V:3.00:600:3:25111159:5
B:VALEL48:U:5:55:V:3.01:300:8:25111159:5
B:VALE5:D:1:A:10:5
B:VALEL48:U:0:0:A:2.98:1100:90:25111159:5
B:VALE5:D:1:V:7:5
T:VALEL48:115900:2:2.980:5:1159:8:397
T:VALEL46:115900:2:4.720:5:1159:8:134
B:VALEL48:U:3:88:A:2.96:1800:150:25111159:5
B:VALE5:U:5:422:A:49.37:200:8:25111159:5
B:VALE5:D:1:A:5:5
B:VALEL48:U:6:56:V:3.01:10k:3:25111159:5
B:VALEL48:U:7:57:V:3.06:2700:131:25111159:5
B:PETR4:U:0:0:V:25.17:100:23:25111158:5
B:VALE5:U:0:0:V:49.40:400:45:25111158:5
T:VALEL46:115900:2:4.720:5:1159:8:135
T:PETR4:115900:2:25.17:5:1159:8:2079
T:VALE5:115900:2:49.40:5:1159:8:1493
T:VALEL48:115900:2:2.980:5:1159:8:398
T:VALEL48:115900:5:115900:2:2.98:664:-1.6500:700:-1.6500:11:3.19:12:2.93:13:3.03:14:3.07:3:2.98:4:3.00
T:VALEL46:115900:5:115900:2:4.72:664:-2.0700:700:-2.0700:11:4.90:12:4.66:13:4.82:14:4.82:3:4.68:4:4.72
B:VALEL48:D:1:V:7:5
B:VALEL48:U:7:57:V:3.06:3100:131:25111159:5
B:VALEL48:U:0:0:A:2.98:700:90:25111159:5
T:VALE5:115900:2:49.40:5:1159:8:1494
T:VALE5:115900:2:49.40:5:1159:8:1495
B:PETR4:D:1:V:7:5
B:PETR4:U:7:3373:V:25.19:200:8:25111159:5
B:VALE5:U:0:0:V:49.40:300:45:25111158:5
B:VALEL48:D:1:V:7:5
B:VALE5:D:1:V:0:5
T:VALEL50:115800:5:115800:2:1.34:664:-4.2900:700:-4.2900:11:1.48:12:1.33:13:1.40:14:1.38:3:1.34:4:1.35
T:PETR4:115900:5:115900:2:25.17:664:-0.2800:700:-0.2800:11:25.35:12:25.08:13:25.24:14:25.35:3:25.15:4:25.17
T:VALE5:115900:5:115900:2:49.40:664:-0.2000:700:-0.2000:11:49.65:12:49.34:13:49.50:14:49.65:3:49.38:4:49.40
B:VALE5:U:6:1189:V:49.43:200:8:25111159:5
B:PETR4:D:1:V:1:5
B:PETR4:U:5:3373:V:25.18:900:45:25111159:5
B:PETR4:U:0:1025:A:25.16:1400:45:25111159:5
T:VALEL46:115900:5:115900:2:4.72:664:-2.0700:700:-2.0700:11:4.90:12:4.66:13:4.82:14:4.82:3:4.67:4:4.71
B:VALE5:U:1:1190:V:49.40:1k:45:25111159:5
B:PETR4:D:1:V:7:5
T:VALE5:115900:5:115900:2:49.40:664:-0.2000:700:-0.2000:11:49.65:12:49.34:13:49.50:14:49.65:3:49.38:4:49.40
T:VALEL50:115800:5:115800:2:1.34:664:-4.2900:700:-4.2900:11:1.48:12:1.33:13:1.40:14:1.38:3:1.34:4:1.35
B:PETR4:D:1:V:21:5
B:PETR4:U:18:3372:V:25.22:2100:227:25111159:5
B:PETR4:U:7:3373:V:25.19:200:8:25111159:5
T:PETR4:115900:5:115900:2:25.17:664:-0.2800:700:-0.2800:11:25.35:12:25.08:13:25.24:14:25.35:3:25.16:4:25.17
T:VALEL46:115900:5:115900:2:4.72:664:-2.0700:700:-2.0700:11:4.90:12:4.66:13:4.82:14:4.82:3:4.68:4:4.71
T:VALEL50:115800:5:115800:2:1.34:664:-4.2900:700:-4.2900:11:1.48:12:1.33:13:1.40:14:1.38:3:1.34:4:1.35
B:PETR4:D:1:A:16:5
B:PETR4:U:1:1025:A:25.16:1k:82:25111159:5
T:PETR4:115900:5:115900:2:25.17:664:-0.2800:700:-0.2800:11:25.35:12:25.08:13:25.24:14:25.35:3:25.16:4:25.17
B:VALEL48:U:3:57:V:3.00:1k:90:25111159:5
T:VALEL50:115800:5:115800:2:1.34:664:-4.2900:700:-4.2900:11:1.48:12:1.33:13:1.40:14:1.38:3:1.34:4:1.35
T:VALEL48:115900:5:115900:2:2.98:664:-1.6500:700:-1.6500:11:3.19:12:2.93:13:3.03:14:3.07:3:2.98:4:3.00
B:PETR4:U:0:1026:A:25.17:100:239:25111159:5
B:PETR4:D:1:V:0:5
B:PETR4:D:1:A:13:5
T:PETR4:115900:2:25.17:5:1159:8:2080
B:PETR4:D:1:V:6:5
B:PETR4:U:6:3372:V:25.19:200:8:25111159:5
B:PETR4:D:1:A:0:5
B:PETR4:D:1:V:18:5
T:PETR4:115900:2:25.17:5:1159:8:2081
T:IBOV:115948:5:115948:7:100:8:25153:9:30808800:10:457597997
T:PETR4:115900:5:115900:2:25.17:664:-0.2800:700:-0.2800:11:25.35:12:25.08:13:25.24:14:25.35:3:25.17:4:25.18
B:PETR4:U:18:3372:V:25.22:2k:227:25111159:5
B:PETR4:U:0:3373:V:25.17:100:114:25111159:5
B:PETR4:U:12:1025:A:25.13:200:8:25111159:5
B:PETR4:D:1:A:8:5
B:PETR4:U:2:1025:A:25.16:300:735:25111159:5
B:PETR4:D:1:V:0:5
T:PETR4:115900:2:25.17:5:1159:8:2082
T:LAME4:115800:5:115800:2:16.57:664:-1.8400:700:-1.8400:11:16.80:12:16.54:13:16.88:14:16.80:3:16.57:4:16.60
B:PETR4:D:1:A:2:5
B:PETR4:U:8:1025:A:25.15:300:735:25111159:5
B:PETR4:D:1:V:6:5
B:PETR4:U:6:3372:V:25.19:200:8:25111159:5
B:PETR4:D:1:V:6:5
T:PETR4:115900:2:25.18:5:1159:8:2083
T:PETR4:115900:5:115900:2:25.17:664:-0.2800:700:-0.2800:11:25.35:12:25.08:13:25.24:14:25.35:3:25.16:4:25.18
B:PETR4:U:6:3372:V:25.19:200:8:25111159:5
T:GGBR4:115900:5:115900:2:20.76:664:-1.6100:700:-1.6100:11:21.04:12:20.65:13:21.10:14:20.97:3:20.75:4:20.76
B:PETR4:D:1:A:166:5
T:PETR4:115900:5:115900:2:25.18:664:-0.2400:700:-0.2400:11:25.35:12:25.08:13:25.24:14:25.35:3:25.16:4:25.18
B:PETR4:U:0:1025:A:25.17:100:239:25111159:5
B:PETR4:D:1:V:1498:5
B:VALEL48:D:1:A:3:5
B:VALEL48:U:9:88:A:2.90:1k:150:25111159:5
B:PETR4:D:1:A:13:5
B:VALE5:D:1:A:16:5
B:VALE5:U:16:421:A:49.31:800:102:25111158:5
T:PETR4:115900:5:115900:2:25.18:664:-0.2400:700:-0.2400:11:25.35:12:25.08:13:25.24:14:25.35:3:25.17:4:25.18
B:PETR4:D:1:V:0:5
B:PETR4:U:0:3371:V:25.18:4500:122:25111145:5
T:PETR4:115900:2:25.18:5:1159:8:2084
B:PETR4:D:1:V:0:5
B:PETR4:U:0:3371:V:25.18:3300:122:25111145:5
B:PETR4:D:1:A:0:5
B:PETR4:D:1:V:18:5
B:PETR4:U:18:3371:V:25.22:1900:227:25111159:5
B:PETR4:D:1:V:6:5
B:PETR4:U:5:3371:V:25.18:200:8:25111159:5
B:PETR4:D:1:A:8:5
B:PETR4:U:2:1023:A:25.16:300:735:25111159:5
T:PETR4:115900:2:25.18:5:1159:8:2085
T:PETR4:115900:2:25.17:5:1159:8:2086
B:PETR4:D:1:V:3:5
B:PETR4:U:0:3371:V:25.17:200:8:25111159:5
B:PETR4:U:6:3372:V:25.18:200:114:25111159:5
B:PETR4:U:1:3373:V:25.17:100:23:25111159:5
B:PETR4:D:1:A:2:5
B:PETR4:U:8:1023:A:25.15:300:735:25111159:5
B:PETR4:U:12:1024:A:25.13:200:8:25111159:5
B:PETR4:D:1:V:7:5
B:PETR4:D:1:V:6:5
B:PETR4:U:7:3372:V:25.19:200:8:25111159:5
B:PETR4:D:1:V:0:5
B:PETR4:U:5:3372:V:25.18:200:8:25111159:5
B:PETR4:D:1:V:19:5
B:PETR4:U:19:3372:V:25.22:1800:227:25111159:5
B:PETR4:D:1:V:7:5
T:PETR4:115900:5:115900:2:25.17:664:-0.2800:700:-0.2800:11:25.35:12:25.08:13:25.24:14:25.35:3:25.16:4:25.17
T:GGBR4:115900:5:115900:2:20.76:664:-1.6100:700:-1.6100:11:21.04:12:20.65:13:21.10:14:20.97:3:20.75:4:20.76
B:PETR4:U:7:3372:V:25.19:200:8:25111159:5
B:PETR4:U:1:3373:V:25.17:200:114:25111159:5
B:PETR4:U:2:3374:V:25.17:100:98:25111159:5
B:PETR4:D:1:V:9:5
B:PETR4:D:1:V:404:5
B:PETR4:U:9:3373:V:25.19:200:8:25111159:5
B:PETR4:D:1:A:0:5
B:PETR4:D:1:V:9:5
B:PETR4:U:9:3373:V:25.19:200:8:25111159:5
T:LAME4:115800:5:115800:2:16.57:664:-1.8400:700:-1.8400:11:16.80:12:16.54:13:16.88:14:16.80:3:16.57:4:16.60
B:PETR4:D:1:V:21:5
B:PETR4:U:21:3373:V:25.22:1400:227:25111159:5
B:VALEL48:U:8:58:V:3.02:3k:90:25111159:5
B:PETR4:D:1:V:6:5
B:PETR4:U:3:3373:V:25.17:900:45:25111159:5
T:PETR4:115900:5:115900:2:25.17:664:-0.2800:700:-0.2800:11:25.35:12:25.08:13:25.24:14:25.35:3:25.16:4:25.17
B:PETR4:D:1:V:9:5
B:PETR4:U:9:3373:V:25.19:200:8:25111159:5
T:PETR4:115900:2:25.17:5:1159:8:2087
B:PETR4:U:0:1024:A:25.17:3700:239:25111159:5
B:PETR4:D:1:V:0:5
B:PETR4:D:1:V:0:5
B:PETR4:D:1:V:0:5
B:PETR4:D:1:V:0:5
T:PETR4:115900:2:25.17:5:1159:8:2088
T:PETR4:115900:2:25.17:5:1159:8:2089
T:PETR4:115900:2:25.17:5:1159:8:2090
B:PETR4:U:0:0:A:25.17:3500:239:25111159:5
B:PETR4:D:1:A:12:5
T:PETR4:115900:2:25.17:5:1159:8:2091
B:PETR4:U:4:3370:V:25.18:900:45:25111159:5
B:PETR4:U:2:1024:A:25.16:1400:45:25111159:5
T:PETR4:115900:5:115900:2:25.17:664:-0.2800:700:-0.2800:11:25.35:12:25.08:13:25.24:14:25.35:3:25.17:4:25.18
T:PETR4:115900:2:25.18:5:1159:8:2092
B:PETR4:D:1:V:0:5
B:PETR4:U:0:3370:V:25.18:3k:122:25111145:5
T:PETR4:115900:2:25.18:5:1159:8:2093
B:PETR4:D:1:V:0:5
B:PETR4:U:0:3370:V:25.18:2900:122:25111145:5
T:PETR4:115900:2:25.17:5:1159:8:2094
B:PETR4:U:0:0:A:25.17:3k:239:25111159:5
B:PETR4:U:5:3371:V:25.18:100:114:25111159:5
B:PETR4:D:1:V:5:5
T:PETR4:115900:2:25.17:5:1159:8:2095
B:PETR4:U:0:0:A:25.17:2800:239:25111159:5
B:PETR4:D:1:V:18:5
B:PETR4:U:18:3370:V:25.22:1200:227:25111159:5
T:PETR4:115900:5:115900:2:25.17:664:-0.2800:700:-0.2800:11:25.35:12:25.08:13:25.24:14:25.35:3:25.17:4:25.18
T:IBOV:000000:664:-0.32:700:-0.32
T:IBOV:120000:2:69405.84:5:120000:7:100:8:25216:9:30841700:10:458327127:86:-223.52
B:PETR4:U:3:1025:A:25.16:200:98:25111159:5
B:PETR4:U:0:0:A:25.17:2300:239:25111159:5
T:PETR4:115900:2:25.17:5:1159:8:2096
B:PETR4:D:1:V:18:5
B:PETR4:U:18:3370:V:25.22:700:227:25111159:5
B:PETR4:D:1:V:18:5
B:PETR4:U:18:3370:V:25.22:600:227:25111159:5
T:PETR4:115900:5:115900:2:25.17:664:-0.2800:700:-0.2800:11:25.35:12:25.08:13:25.24:14:25.35:3:25.17:4:25.18
B:PETR4:D:1:A:5:5
B:PETR4:U:4:1025:A:25.16:900:45:25111159:5
B:PETR4:D:1:A:2:5
B:VALE5:U:0:422:A:49.39:1300:82:25111159:5
B:VALEL48:D:1:A:7:5
B:VALEL48:U:7:88:A:2.93:2k:95:25111159:5
B:VALEL48:D:1:A:0:5
B:VALE5:D:1:A:5:5
B:PETR4:D:1:V:18:5
B:PETR4:U:18:3370:V:25.22:200:227:25111159:5
B:VALEL48:U:4:59:V:3.00:5k:3:25111159:5
T:VALE5:115900:5:115900:2:49.40:664:-0.2000:700:-0.2000:11:49.65:12:49.34:13:49.50:14:49.65:3:49.39:4:49.40
T:VALEL48:115900:5:115900:2:2.98:664:-1.6500:700:-1.6500:11:3.19:12:2.93:13:3.03:14:3.07:3:2.96:4:3.00
T:VALEL46:115900:5:115900:2:4.72:664:-2.0700:700:-2.0700:11:4.90:12:4.66:13:4.82:14:4.82:3:4.68:4:4.71
T:VALEL50:115800:5:115800:2:1.34:664:-4.2900:700:-4.2900:11:1.48:12:1.33:13:1.40:14:1.38:3:1.34:4:1.35
B:VALEL48:D:1:A:8:5
B:VALEL48:U:9:87:A:2.89:1k:150:25111200:5
B:PETR4:U:634:3371:V:26.54:2k:70:25111200:5
B:VALEL48:U:5:60:V:3.00:1k:140:25111200:5
T:GGBR4:120000:2:20.75:5:1200:8:851
B:VALEL48:D:1:A:9:5
B:VALEL48:U:8:87:A:2.90:1k:150:25111200:5
T:LAME4:120000:2:16.57:5:1200:8:410
B:PETR4:D:1:V:3:5
B:PETR4:U:14:3371:V:25.20:200:8:25111200:5
B:PETR4:D:1:V:18:5
B:PETR4:U:21:3371:V:25.23:10k:227:25111200:5
T:VALEL46:115900:5:115900:2:4.72:664:-2.0700:700:-2.0700:11:4.90:12:4.66:13:4.82:14:4.82:3:4.68:4:4.71
T:IBOV:120000:5:120000:2:69406:664:-0.3200:700:-0.3200:11:69780:12:69369:13:69629:14:69634:3:0:4:0
T:VALEL48:115900:5:115900:2:2.98:664:-1.6500:700:-1.6500:11:3.19:12:2.93:13:3.03:14:3.07:3:2.96:4:3.00
B:PETR4:U:13:1025:A:25.14:200:8:25111200:5
T:GGBR4:120000:5:120000:2:20.75:664:-1.6600:700:-1.6600:11:21.04:12:20.65:13:21.10:14:20.97:3:20.75:4:20.76
T:LAME4:120000:5:120000:2:16.57:664:-1.8400:700:-1.8400:11:16.80:12:16.54:13:16.88:14:16.80:3:16.56:4:16.57
T:PETR4:115900:5:115900:2:25.17:664:-0.2800:700:-0.2800:11:25.35:12:25.08:13:25.24:14:25.35:3:25.17:4:25.18
T:GGBR4:120000:5:120000:2:20.75:664:-1.6600:700:-1.6600:11:21.04:12:20.65:13:21.10:14:20.97:3:20.75:4:20.76
B:PETR4:D:1:A:2:5
B:PETR4:D:1:A:5:5
B:PETR4:U:3:1024:A:25.16:10k:85:25111200:5
B:PETR4:U:1:1025:A:25.17:200:98:25111200:5
B:PETR4:D:1:A:3:5
B:PETR4:U:2:1025:A:25.17:900:45:25111200:5
T:PETR4:115900:5:115900:2:25.17:664:-0.2800:700:-0.2800:11:25.35:12:25.08:13:25.24:14:25.35:3:25.17:4:25.18
B:PETR4:D:1:A:17:5
B:VALEL48:U:6:61:V:3.00:1300:90:25111200:5
T:VALEL48:115900:5:115900:2:2.98:664:-1.6500:700:-1.6500:11:3.19:12:2.93:13:3.03:14:3.07:3:2.96:4:3.00
B:PETR4:D:1:V:11:5
B:PETR4:U:3:1025:A:25.17:17800:239:25111200:5
T:PETR4:115900:5:115900:2:25.17:664:-0.2800:700:-0.2800:11:25.35:12:25.08:13:25.24:14:25.35:3:25.17:4:25.18
B:VALE5:U:0:0:A:49.39:1200:82:25111159:5
T:VALE5:120000:2:49.39:5:1200:8:1496
B:VALEL48:U:4:88:A:2.95:3k:3:25111200:5
B:PETR4:D:1:V:0:5
T:PETR4:120000:2:25.18:5:1200:8:2097
T:VALE5:120000:5:120000:2:49.39:664:-0.2200:700:-0.2200:11:49.65:12:49.34:13:49.50:14:49.65:3:49.39:4:49.40
B:PETR4:U:0:3370:V:25.18:900:122:25111145:5
B:PETR4:U:4:3371:V:25.18:400:114:25111200:5
T:VALEL50:115800:5:115800:2:1.34:664:-4.2900:700:-4.2900:11:1.48:12:1.33:13:1.40:14:1.38:3:1.34:4:1.35
T:PETR4:120000:5:120000:2:25.18:664:-0.2400:700:-0.2400:11:25.35:12:25.08:13:25.24:14:25.35:3:25.17:4:25.18
B:PETR4:U:4:1026:A:25.17:500:239:25111200:5
T:IBOV:120010:5:120010:7:500:8:25260:9:30854700:10:458724416
B:PETR4:D:1:A:11:5
T:PETR4:120000:2:25.18:5:1200:8:2098
B:PETR4:D:1:V:0:5
B:PETR4:U:0:3371:V:25.18:400:122:25111145:5
B:PETR4:D:1:V:6:5
B:PETR4:U:6:3371:V:25.19:200:8:25111200:5
T:PETR4:120000:5:120000:2:25.18:664:-0.2400:700:-0.2400:11:25.35:12:25.08:13:25.24:14:25.35:3:25.17:4:25.18
T:GOLL4:120000:2:27.86:5:1200:8:77
T:GOLL4:120000:2:27.86:5:1200:8:78
T:PETR4:120000:2:25.18:5:1200:8:2099
B:PETR4:D:1:V:0:5
B:PETR4:U:0:3371:V:25.18:300:122:25111145:5
T:GOLL4:120000:5:120000:2:27.86:664:0.1100:700:0.1100:11:27.88:12:27.70:13:27.83:14:27.80:3:27.77:4:27.86
T:PETR4:120000:5:120000:2:25.18:664:-0.2400:700:-0.2400:11:25.35:12:25.08:13:25.24:14:25.35:3:25.17:4:25.18
T:PETR4:120000:2:25.18:5:1200:8:2100
B:PETR4:D:1:V:0:5
B:PETR4:U:0:3371:V:25.18:200:122:25111145:5
T:VALEL50:120000:2:1.350:5:1200:8:1299
T:PETR4:120000:5:120000:2:25.18:664:-0.2400:700:-0.2400:11:25.35:12:25.08:13:25.24:14:25.35:3:25.17:4:25.18
T:PETR4:120000:2:25.18:5:1200:8:2101
B:PETR4:D:1:V:0:5
B:PETR4:U:0:3371:V:25.18:100:122:25111145:5
T:VALEL50:120000:5:120000:2:1.35:664:-3.5700:700:-3.5700:11:1.48:12:1.33:13:1.40:14:1.38:3:1.34:4:1.35
B:PETR4:D:1:V:0:5
T:PETR4:120000:2:25.18:5:1200:8:2102
T:PETR4:120000:5:120000:2:25.18:664:-0.2400:700:-0.2400:11:25.35:12:25.08:13:25.24:14:25.35:3:25.17:4:25.18
B:PETR4:D:1:A:14:5
T:PETR4:120000:2:25.18:5:1200:8:2103
B:PETR4:U:0:0:V:25.18:24400:238:25111145:5
T:PETR4:120000:5:120000:2:25.18:664:-0.2400:700:-0.2400:11:25.35:12:25.08:13:25.24:14:25.35:3:25.17:4:25.18
B:PETR4:D:1:A:3:5
T:GGBR4:120000:5:120000:2:20.75:664:-1.6600:700:-1.6600:11:21.04:12:20.65:13:21.10:14:20.97:3:20.75:4:20.76
B:VALE5:U:39:1191:V:49.60:100:72:25111200:5
B:PETR4:U:4:1024:A:25.17:100:72:25111200:5
B:VALEL48:D:1:A:9:5
T:VALEL50:120000:2:1.350:5:1200:8:1300
T:LAME4:120000:2:16.56:5:1200:8:411
T:LAME4:120000:2:16.55:5:1200:8:412
T:LAME4:120000:2:16.55:5:1200:8:413
T:LAME4:120000:2:16.55:5:1200:8:414
T:LAME4:120000:2:16.55:5:1200:8:415
B:VALEL48:U:2:88:A:2.96:1800:150:25111200:5
B:VALEL48:D:1:V:10:5
B:VALEL48:U:10:61:V:3.01:9200:3:25111159:5
T:VALEL48:115900:5:115900:2:2.98:664:-1.6500:700:-1.6500:11:3.19:12:2.93:13:3.03:14:3.07:3:2.96:4:3.00
T:VALEL50:120000:5:120000:2:1.35:664:-3.5700:700:-3.5700:11:1.48:12:1.33:13:1.40:14:1.38:3:1.34:4:1.35
T:LAME4:120000:5:120000:2:16.55:664:-1.9500:700:-1.9500:11:16.80:12:16.54:13:16.88:14:16.80:3:16.54:4:16.55
B:PETR4:D:1:V:61:5
B:PETR4:U:519:1025:A:24.40:100:27:25111200:5
T:LAME4:120000:2:16.54:5:1200:8:416
T:LAME4:120000:2:16.54:5:1200:8:417
T:LAME4:120000:2:16.54:5:1200:8:418
B:PETR4:D:1:A:1:5
T:LAME4:120000:2:16.53:5:1200:8:419
T:LAME4:120000:2:16.53:5:1200:8:420
T:LAME4:120000:5:120000:2:16.53:664:-2.0700:700:-2.0700:11:16.80:12:16.53:13:16.88:14:16.80:3:16.53:4:16.55
B:PETR4:U:0:0:V:25.18:24200:238:25111145:5
T:PETR4:120000:2:25.18:5:1200:8:2104
T:VALEL50:120000:2:1.340:5:1200:8:1301
T:PETR4:120000:5:120000:2:25.18:664:-0.2400:700:-0.2400:11:25.35:12:25.08:13:25.24:14:25.35:3:25.17:4:25.18
T:VALEL50:120000:5:120000:2:1.34:664:-4.2900:700:-4.2900:11:1.48:12:1.33:13:1.40:14:1.38:3:1.34:4:1.35
T:LAME4:120000:2:16.54:5:1200:8:421
T:LAME4:120000:5:120000:2:16.54:664:-2.0100:700:-2.0100:11:16.80:12:16.53:13:16.88:14:16.80:3:16.54:4:16.55
B:PETR4:D:1:A:1:5
B:PETR4:U:5:1024:A:25.16:900:45:25111200:5
T:VALEL46:120000:2:4.710:5:1200:8:136
B:PETR4:U:6:1025:A:25.16:12500:239:25111200:5
T:PETR4:120000:5:120000:2:25.18:664:-0.2400:700:-0.2400:11:25.35:12:25.08:13:25.24:14:25.35:3:25.17:4:25.18
T:LAME4:120000:5:120000:2:16.54:664:-2.0100:700:-2.0100:11:16.80:12:16.53:13:16.88:14:16.80:3:16.53:4:16.55
T:VALEL46:120000:5:120000:2:4.71:664:-2.2800:700:-2.2800:11:4.90:12:4.66:13:4.82:14:4.82:3:4.68:4:4.71
T:IBOV:000000:664:-0.31:700:-0.31
T:IBOV:120030:2:69411.23:5:120030:5:120029:7:100:8:25330:9:30911700:10:459452815:21:-0.31:86:-218.13
T:VALEL52:115900:5:115900:2:0.51:664:-5.5500:700:-5.5500:11:0.57:12:0.50:13:0.54:14:0.57:3:0.50:4:0.51
T:IBOV:120000:5:120000:2:69411:664:-0.3100:700:-0.3100:11:69780:12:69369:13:69629:14:69634:3:0:4:0
T:LAME4:120000:5:120000:2:16.54:664:-2.0100:700:-2.0100:11:16.80:12:16.53:13:16.88:14:16.80:3:16.54:4:16.55
T:GGBR4:120000:5:120000:2:20.75:664:-1.6600:700:-1.6600:11:21.04:12:20.65:13:21.10:14:20.97:3:20.75:4:20.76
T:IBOV:120032:5:120032:7:200:8:25337:9:30913400:10:459505536
B:PETR4:D:1:A:10:5
T:LAME4:120000:2:16.54:5:1200:8:422

B:PETR4:D:1:A:6:5
B:PETR4:U:3:1024:A:25.17:12500:239:25111200:5
T:LAME4:120000:5:120000:2:16.54:664:-2.0100:700:-2.0100:11:16.80:12:16.53:13:16.88:14:16.80:3:16.53:4:16.57
T:PETR4:120000:5:120000:2:25.18:664:-0.2400:700:-0.2400:11:25.35:12:25.08:13:25.24:14:25.35:3:25.17:4:25.18
T:LAME4:120000:5:120000:2:16.54:664:-2.0100:700:-2.0100:11:16.80:12:16.53:13:16.88:14:16.80:3:16.56:4:16.57
B:PETR4:D:1:V:13:5
B:PETR4:U:4:3369:V:25.18:200:8:25111200:5
B:PETR4:U:10:1025:A:25.15:2k:150:25111200:5
B:PETR4:D:1:V:20:5
B:PETR4:U:17:3369:V:25.22:1700:227:25111200:5
T:PETR4:120000:5:120000:2:25.18:664:-0.2400:700:-0.2400:11:25.35:12:25.08:13:25.24:14:25.35:3:25.17:4:25.18
T:PETR4:120000:2:25.17:5:1200:8:2105
B:PETR4:U:0:0:A:25.17:1800:239:25111159:5
B:PETR4:U:0:0:V:25.18:23900:238:25111145:5
B:PETR4:D:1:A:3:5
T:PETR4:120000:2:25.18:5:1200:8:2106
B:PETR4:D:1:V:3:5
B:PETR4:U:4:3369:V:25.18:700:114:25111200:5
T:PETR4:120000:5:120000:2:25.18:664:-0.2400:700:-0.2400:11:25.35:12:25.08:13:25.24:14:25.35:3:25.17:4:25.18
B:PETR4:D:1:V:17:5
B:PETR4:U:17:3369:V:25.22:1400:227:25111200:5
B:VALEL48:U:7:62:V:3.00:1k:122:25111200:5
B:VALE5:D:1:V:7:5
B:VALE5:U:3:1191:V:49.41:200:8:25111200:5
T:VALEL46:120000:5:120000:2:4.71:664:-2.2800:700:-2.2800:11:4.90:12:4.66:13:4.82:14:4.82:3:4.68:4:4.70
T:VALEL48:115900:5:115900:2:2.98:664:-1.6500:700:-1.6500:11:3.19:12:2.93:13:3.03:14:3.07:3:2.96:4:3.00
B:VALEL48:U:0:63:V:2.97:4200:10:25111200:5
B:VALEL48:D:1:V:11:5
B:VALEL48:D:1:V:8:5
B:VALEL48:D:1:V:5:5
B:VALEL48:D:1:V:5:5
B:VALEL48:D:1:V:3:5
B:VALEL48:D:1:V:7:5
T:GOLL4:120000:5:120000:2:27.86:664:0.1100:700:0.1100:11:27.88:12:27.70:13:27.83:14:27.80:3:27.80:4:27.86
T:VALEL48:115900:5:115900:2:2.98:664:-1.6500:700:-1.6500:11:3.19:12:2.93:13:3.03:14:3.07:3:2.96:4:2.97
B:VALEL48:D:1:A:5:5
B:VALEL48:U:5:88:A:2.95:3k:3:25111200:5
B:PETR4:U:13:1025:A:25.14:200:8:25111200:5
B:PETR4:D:1:V:3:5
B:PETR4:U:13:3369:V:25.20:200:8:25111200:5
B:PETR4:D:1:V:17:5
B:PETR4:U:20:3369:V:25.23:10k:227:25111200:5
T:PETR4:120000:5:120000:2:25.18:664:-0.2400:700:-0.2400:11:25.35:12:25.08:13:25.24:14:25.35:3:25.17:4:25.18
B:PETR4:D:1:A:260:5
T:PETR4:120000:2:25.17:5:1200:8:2107
B:PETR4:U:0:3370:V:25.17:7600:122:25111200:5
B:PETR4:D:1:A:0:5
B:PETR4:D:1:A:0:5
B:PETR4:D:1:A:0:5
T:PETR4:120000:2:25.17:5:1200:8:2108
T:PETR4:120000:2:25.17:5:1200:8:2109
B:PETR4:U:3:1022:A:25.16:1100:735:25111200:5
B:PETR4:D:1:V:4:5
B:PETR4:D:1:A:8:5
B:VALEL48:U:1:58:V:2.98:700:239:25111200:5
B:PETR4:U:1:3370:V:25.17:1200:114:25111200:5
B:PETR4:D:1:V:21:5
B:PETR4:U:26:3370:V:25.24:10k:227:25111200:5
T:PETR4:120000:5:120000:2:25.17:664:-0.2800:700:-0.2800:11:25.35:12:25.08:13:25.24:14:25.35:3:25.16:4:25.17
B:VALEL48:D:1:A:5:5
B:VALEL48:U:3:88:A:2.96:3k:3:25111200:5
T:VALEL48:115900:5:115900:2:2.98:664:-1.6500:700:-1.6500:11:3.19:12:2.93:13:3.03:14:3.07:3:2.96:4:2.97
B:PETR4:D:1:V:4:5
B:PETR4:U:2:3370:V:25.17:900:45:25111200:5
B:VALEL48:D:1:A:3:5
B:VALEL48:U:5:88:A:2.95:3k:3:25111200:5
T:LAME4:120000:2:16.57:5:1200:8:423
T:PETR4:120000:5:120000:2:25.17:664:-0.2800:700:-0.2800:11:25.35:12:25.08:13:25.24:14:25.35:3:25.16:4:25.17
T:VALEL48:115900:5:115900:2:2.98:664:-1.6500:700:-1.6500:11:3.19:12:2.93:13:3.03:14:3.07:3:2.96:4:2.97
B:VALEL48:U:0:0:V:2.97:2700:10:25111200:5
T:VALEL48:120000:2:2.970:5:1200:8:399
T:LAME4:120000:5:120000:2:16.57:664:-1.8400:700:-1.8400:11:16.80:12:16.53:13:16.88:14:16.80:3:16.56:4:16.57
B:VALEL48:D:1:A:5:5
T:VALEL48:120000:5:120000:2:2.97:664:-1.9800:700:-1.9800:11:3.19:12:2.93:13:3.03:14:3.07:3:2.96:4:2.97
T:IBOV:120054:5:120054:7:100:8:25424:9:30939800:10:460061481
T:VALEL50:120000:5:120000:2:1.34:664:-4.2900:700:-4.2900:11:1.48:12:1.33:13:1.40:14:1.38:3:1.34:4:1.35
B:VALE5:U:2:1192:V:49.40:500:129:25111200:5
T:VALEL50:120000:2:1.350:5:1200:8:1302
T:VALEL50:120000:2:1.350:5:1200:8:1303
T:VALEL50:120000:2:1.350:5:1200:8:1304
T:VALE5:120000:5:120000:2:49.39:664:-0.2200:700:-0.2200:11:49.65:12:49.34:13:49.50:14:49.65:3:49.39:4:49.40
T:GGBR4:120000:5:120000:2:20.75:664:-1.6600:700:-1.6600:11:21.04:12:20.65:13:21.10:14:20.97:3:20.75:4:20.76
T:VALEL50:120000:5:120000:2:1.35:664:-3.5700:700:-3.5700:11:1.48:12:1.33:13:1.40:14:1.38:3:1.34:4:1.35
B:PETR4:D:1:A:166:5
T:LAME4:120000:2:16.56:5:1200:8:424
T:LAME4:120000:2:16.55:5:1200:8:425
T:LAME4:120000:5:120000:2:16.55:664:-1.9500:700:-1.9500:11:16.80:12:16.53:13:16.88:14:16.80:3:16.54:4:16.55
B:VALE5:U:0:422:A:49.40:3500:735:25111200:5
B:VALE5:D:1:V:0:5
B:VALE5:D:1:V:0:5
B:VALE5:D:1:V:0:5
B:VALE5:U:7:1190:V:49.44:200:8:25111200:5
B:VALE5:U:8:1191:V:49.44:200:8:25111200:5
T:VALE5:120000:2:49.40:5:1200:8:1497
T:VALE5:120000:2:49.40:5:1200:8:1498
T:VALE5:120000:2:49.40:5:1200:8:1499
B:VALEL48:D:1:A:7:5
B:VALEL48:U:6:87:A:2.94:2k:95:25111200:5
B:VALEL48:D:1:V:2:5
B:VALEL48:U:7:58:V:3.01:2k:95:25111200:5
B:VALE5:D:1:V:8:5
B:VALE5:D:1:A:20:5
B:VALE5:U:22:422:A:49.26:5k:227:25111200:5
B:VALE5:D:1:A:24:5
B:VALE5:U:24:422:A:49.23:10k:227:25111200:5
B:VALE5:U:2:1191:V:49.41:1k:45:25111200:5
T:VALE5:120000:5:120000:2:49.40:664:-0.2000:700:-0.2000:11:49.65:12:49.34:13:49.50:14:49.65:3:49.40:4:49.41
T:VALEL46:120000:5:120000:2:4.71:664:-2.2800:700:-2.2800:11:4.90:12:4.66:13:4.82:14:4.82:3:4.69:4:4.70
B:VALEL48:U:5:88:A:2.95:3k:3:25111200:5
T:IBOV:000000:664:-0.32:700:-0.32
T:IBOV:120100:2:69406.86:5:120100:5:120059:7:100:8:25445:9:30952800:10:460487788:21:-0.32:86:-222.5
T:VALEL50:120000:5:120000:2:1.35:664:-3.5700:700:-3.5700:11:1.48:12:1.33:13:1.40:14:1.38:3:1.34:4:1.35
B:PETR4:D:1:A:0:5
T:VALE5:120100:2:49.40:5:1201:8:1500
T:VALE5:120100:2:49.39:5:1201:8:1501
B:VALE5:U:0:1192:V:49.39:300:82:25111201:5
B:VALE5:D:1:A:0:5
B:VALE5:D:1:A:0:5
B:VALE5:D:1:V:9:5
B:VALE5:D:1:V:7:5
T:VALE5:120100:5:120100:2:49.39:664:-0.2200:700:-0.2200:11:49.65:12:49.34:13:49.50:14:49.65:3:49.38:4:49.39
T:VALE5:120100:2:49.39:5:1201:8:1502
B:VALE5:U:0:0:V:49.39:100:82:25111201:5
B:VALEL48:D:1:A:7:5
B:VALEL48:U:8:88:A:2.93:2k:95:25111201:5
B:VALEL48:D:1:V:7:5
B:VALEL48:U:5:58:V:3.00:2k:95:25111201:5
B:VALEL48:D:1:A:8:5
B:VALEL48:U:8:88:A:2.92:2k:95:25111201:5
B:VALE5:D:1:A:22:5
B:VALE5:U:22:420:A:49.21:10k:227:25111201:5
B:VALEL48:D:1:A:5:5
B:VALEL48:U:3:88:A:2.96:3k:3:25111201:5
B:VALE5:U:0:421:A:49.39:700:45:25111201:5
B:VALE5:D:1:V:0:5
B:VALE5:U:7:1190:V:49.44:200:8:25111201:5
T:PETR4:120000:5:120000:2:25.17:664:-0.2800:700:-0.2800:11:25.35:12:25.08:13:25.24:14:25.35:3:25.16:4:25.17
T:VALEL46:120000:5:120000:2:4.71:664:-2.2800:700:-2.2800:11:4.90:12:4.66:13:4.82:14:4.82:3:4.69:4:4.70
T:VALE5:120100:2:49.39:5:1201:8:1503
T:VALEL50:120100:2:1.350:5:1201:8:1305
T:VALEL48:120100:2:2.970:5:1201:8:400
T:VALEL50:120100:2:1.350:5:1201:8:1306
B:VALEL48:U:0:0:V:2.97:900:10:25111200:5
B:VALE5:U:8:1191:V:49.44:200:8:25111201:5
B:VALEL48:D:1:A:8:5
B:VALEL48:U:8:88:A:2.93:2k:95:25111201:5
B:VALEL48:D:1:V:5:5
B:VALEL48:U:7:58:V:3.01:2k:95:25111201:5
B:VALE5:D:1:A:23:5
B:VALE5:U:23:421:A:49.23:10k:227:25111201:5
B:VALE5:U:6:1192:V:49.43:200:8:25111201:5
B:VALE5:U:7:1193:V:49.43:200:8:25111201:5
B:VALEL48:D:1:A:3:5
T:IBOV:120100:5:120100:2:69407:664:-0.3200:700:-0.3200:11:69780:12:69369:13:69629:14:69634:3:0:4:0
T:VALE5:120100:5:120100:2:49.39:664:-0.2200:700:-0.2200:11:49.65:12:49.34:13:49.50:14:49.65:3:49.39:4:49.41
T:VALEL50:120100:5:120100:2:1.35:664:-3.5700:700:-3.5700:11:1.48:12:1.33:13:1.40:14:1.38:3:1.34:4:1.35
T:VALEL48:120100:2:2.970:5:1201:8:401
B:VALE5:D:1:V:6:5
B:VALEL48:U:0:88:A:2.97:2100:90:25111201:5
B:VALEL48:D:1:V:0:5
T:VALEL48:120100:5:120100:2:2.97:664:-1.9800:700:-1.9800:11:3.19:12:2.93:13:3.03:14:3.07:3:2.96:4:2.97
B:VALE5:D:1:V:8:5
B:VALEL48:U:6:89:A:2.95:3k:3:25111201:5
B:VALE5:U:0:1192:V:49.40:800:45:25111201:5
B:VALE5:D:1:V:9:5
B:VALE5:D:1:V:7:5
T:VALEL50:120100:2:1.350:5:1201:8:1307
B:VALEL48:D:1:V:6:5
B:VALEL48:U:4:57:V:3.00:2k:95:25111201:5
T:PETR4:120100:2:25.17:5:1201:8:2110
T:VALEL46:120000:5:120000:2:4.71:664:-2.2800:700:-2.2800:11:4.90:12:4.66:13:4.82:14:4.82:3:4.68:4:4.70
B:PETR4:U:0:0:V:25.17:7500:122:25111200:5
B:VALE5:D:1:A:23:5
B:VALE5:U:23:421:A:49.22:10k:227:25111201:5
B:VALE5:D:1:A:21:5
B:VALE5:U:19:421:A:49.28:4800:227:25111201:5
T:VALEL52:120100:2:0.510:5:1201:8:646
T:VALEL48:120100:5:120100:2:2.97:664:-1.9800:700:-1.9800:11:3.19:12:2.93:13:3.03:14:3.07:3:2.97:4:2.98
T:VALEL50:120100:5:120100:2:1.35:664:-3.5700:700:-3.5700:11:1.48:12:1.33:13:1.40:14:1.38:3:1.35:4:1.36
T:VALE5:120100:5:120100:2:49.39:664:-0.2200:700:-0.2200:11:49.65:12:49.34:13:49.50:14:49.65:3:49.39:4:49.40
T:VALEL52:120100:5:120100:2:0.51:664:-5.5500:700:-5.5500:11:0.57:12:0.50:13:0.54:14:0.57:3:0.50:4:0.51
T:PETR4:120100:5:120100:2:25.17:664:-0.2800:700:-0.2800:11:25.35:12:25.08:13:25.24:14:25.35:3:25.16:4:25.17
T:VALEL50:120100:5:120100:2:1.35:664:-3.5700:700:-3.5700:11:1.48:12:1.33:13:1.40:14:1.38:3:1.35:4:1.36
T:LAME4:120000:5:120000:2:16.55:664:-1.9500:700:-1.9500:11:16.80:12:16.53:13:16.88:14:16.80:3:16.54:4:16.57
B:VALE5:D:1:V:4:5
B:PETR4:U:0:0:A:25.16:9900:85:25111200:5
T:PETR4:120100:2:25.16:5:1201:8:2111
T:LAME4:120000:5:120000:2:16.55:664:-1.9500:700:-1.9500:11:16.80:12:16.53:13:16.88:14:16.80:3:16.55:4:16.57
T:PETR4:120100:5:120100:2:25.16:664:-0.3200:700:-0.3200:11:25.35:12:25.08:13:25.24:14:25.35:3:25.16:4:25.17
T:LAME4:120100:2:16.55:5:1201:8:426
B:VALE5:U:409:422:A:0.79:200:90:25111201:5
T:VALEL52:120100:2:0.510:5:1201:8:647
B:VALE5:D:1:A:19:5
T:LAME4:120100:5:120100:2:16.55:664:-1.9500:700:-1.9500:11:16.80:12:16.53:13:16.88:14:16.80:3:16.54:4:16.57
T:VALEL50:120100:5:120100:2:1.35:664:-3.5700:700:-3.5700:11:1.48:12:1.33:13:1.40:14:1.38:3:1.35:4:1.36
B:VALE5:U:19:422:A:49.28:5k:227:25111201:5
T:VALEL52:120100:5:120100:2:0.51:664:-5.5500:700:-5.5500:11:0.57:12:0.50:13:0.54:14:0.57:3:0.50:4:0.51
T:VALEL52:120100:5:120100:2:0.51:664:-5.5500:700:-5.5500:11:0.57:12:0.50:13:0.54:14:0.57:3:0.50:4:0.51
B:VALEL48:U:7:58:V:3.01:900:90:25111201:5
B:PETR4:U:3:3371:V:25.17:1400:39:25111201:5
T:PETR4:120100:5:120100:2:25.16:664:-0.3200:700:-0.3200:11:25.35:12:25.08:13:25.24:14:25.35:3:25.16:4:25.17
T:LAME4:120100:5:120100:2:16.55:664:-1.9500:700:-1.9500:11:16.80:12:16.53:13:16.88:14:16.80:3:16.54:4:16.57
T:VALEL50:120100:5:120100:2:1.35:664:-3.5700:700:-3.5700:11:1.48:12:1.33:13:1.40:14:1.38:3:1.35:4:1.36
B:VALEL48:U:1:59:V:2.99:3k:239:25111201:5
T:GGBR4:120100:2:20.75:5:1201:8:852
T:GGBR4:120100:5:120100:2:20.75:664:-1.6600:700:-1.6600:11:21.04:12:20.65:13:21.10:14:20.97:3:20.75:4:20.76
T:VALEL52:120100:2:0.510:5:1201:8:648
T:VALEL52:120100:2:0.510:5:1201:8:649
B:PETR4:U:0:0:A:25.16:7900:85:25111200:5
B:PETR4:D:1:V:1:5
T:PETR4:120100:2:25.16:5:1201:8:2112
T:VALEL52:120100:5:120100:2:0.51:664:-5.5500:700:-5.5500:11:0.57:12:0.50:13:0.54:14:0.57:3:0.50:4:0.51
T:GGBR4:120100:5:120100:2:20.75:664:-1.6600:700:-1.6600:11:21.04:12:20.65:13:21.10:14:20.97:3:20.75:4:20.76
B:PETR4:U:0:0:A:25.16:6400:85:25111200:5
T:PETR4:120100:2:25.16:5:1201:8:2113
T:PETR4:120100:5:120100:2:25.16:664:-0.3200:700:-0.3200:11:25.35:12:25.08:13:25.24:14:25.35:3:25.16:4:25.17
B:PETR4:D:1:A:9:5
B:PETR4:U:9:1019:A:25.13:200:8:25111201:5
B:PETR4:D:1:A:2:5
B:PETR4:U:6:1019:A:25.15:300:735:25111201:5
T:PETR4:120100:5:120100:2:25.16:664:-0.3200:700:-0.3200:11:25.35:12:25.08:13:25.24:14:25.35:3:25.16:4:25.17
B:PETR4:D:1:V:14:5
B:PETR4:U:5:3370:V:25.18:200:8:25111201:5
B:PETR4:D:1:V:26:5
B:PETR4:U:18:3370:V:25.22:400:227:25111201:5
B:PETR4:U:2:1020:A:25.16:1200:27:25111201:5
T:IBOV:120116:5:120116:7:100:8:25495:9:30987300:10:461178860
T:PETR4:120100:5:120100:2:25.16:664:-0.3200:700:-0.3200:11:25.35:12:25.08:13:25.24:14:25.35:3:25.16:4:25.17
B:PETR4:U:8:1021:A:25.15:10700:3:25111201:5
B:PETR4:U:279:1022:A:24.65:600:98:25111201:5
B:PETR4:D:1:A:8:5
B:VALEL48:D:1:A:0:5
B:VALEL48:U:3:89:A:2.96:500:3:25111201:5
B:VALEL48:U:4:90:A:2.96:2k:98:25111201:5
B:VALEL48:U:5:91:A:2.96:2k:98:25111201:5
T:VALEL48:120100:5:120100:2:2.97:664:-1.9800:700:-1.9800:11:3.19:12:2.93:13:3.03:14:3.07:3:2.96:4:2.98
B:PETR4:U:8:1022:A:25.15:10700:3:25111201:5
T:GOLL4:120000:5:120000:2:27.86:664:0.1100:700:0.1100:11:27.88:12:27.70:13:27.83:14:27.80:3:27.81:4:27.86
B:PETR4:D:1:V:18:5
B:PETR4:U:18:3370:V:25.22:1200:227:25111201:5
B:PETR4:D:1:V:18:5
B:PETR4:U:18:3370:V:25.22:800:227:25111201:5
T:VALEL52:120100:5:120100:2:0.51:664:-5.5500:700:-5.5500:11:0.57:12:0.50:13:0.54:14:0.57:3:0.50:4:0.51
T:GGBR4:120100:5:120100:2:20.75:664:-1.6600:700:-1.6600:11:21.04:12:20.65:13:21.10:14:20.97:3:20.75:4:20.76
B:PETR4:U:9:1023:A:25.15:4500:3:25111201:5
